Internal Server Error: /ds/
"GET /ds/ HTTP/1.1" 500 145
Internal Server Error: /dssdsd
"GET /dssdsd HTTP/1.1" 500 145
Internal Server Error: /dssdsd
"GET /dssdsd HTTP/1.1" 500 145
Internal Server Error: /dssdsd
"GET /dssdsd HTTP/1.1" 500 145
Internal Server Error: /dssdsd
"GET /dssdsd HTTP/1.1" 500 145
Internal Server Error: /dssdsd
"GET /dssdsd HTTP/1.1" 500 145
Internal Server Error: /d
"GET /d HTTP/1.1" 500 145
Internal Server Error: /d
"GET /d HTTP/1.1" 500 145
Internal Server Error: /d
"GET /d HTTP/1.1" 500 145
Internal Server Error: /d
"GET /d HTTP/1.1" 500 145
